<?xml version="1.0" encoding="UTF-8"?>
<!-- Generated by org.testng.reporters.JUnitXMLReporter -->
<testsuite ignored="0" hostname="norhan" failures="1" tests="12" name="SwagLabs" time="202.411" errors="0" timestamp="2025-11-29T16:45:30 EET">
  <testcase classname="CartManagement" name="Products_AddToCart" time="2.271"/>
  <testcase classname="CartManagement" name="Products_Remove" time="2.97"/>
  <testcase classname="CartManagement" name="ProductsDetails_AddToCart" time="3.411"/>
  <testcase classname="CartManagement" name="ProductsDetails_Remove" time="5.627"/>
  <testcase classname="CartManagement" name="ProductsDetails_AddCartBtnState" time="5.352"/>
  <testcase classname="CartManagement" name="ProductsDetails_RemoveCartBtnState" time="5.358"/>
  <testcase classname="CartManagement" name="CartIconCounter_updates" time="7.145"/>
  <testcase classname="CartManagement" name="CheckoutBtn_EmptyCART" time="1.47">
    <failure type="java.lang.AssertionError" message="Checkout btn should be disabled expected [https://www.saucedemo.com/cart.html] but found [https://www.saucedemo.com/checkout-step-one.html]">
      <![CDATA[java.lang.AssertionError: Checkout btn should be disabled expected [https://www.saucedemo.com/cart.html] but found [https://www.saucedemo.com/checkout-step-one.html]
at CartManagement.CheckoutBtn_EmptyCART(CartManagement.java:228)
at java.base/java.util.ArrayList.forEach(ArrayList.java:1597)
at com.intellij.rt.testng.IDEARemoteTestNG.run(IDEARemoteTestNG.java:65)
at com.intellij.rt.testng.RemoteTestNGStarter.main(RemoteTestNGStarter.java:105)
... Removed 27 stack frames]]>
    </failure>
  </testcase> <!-- CheckoutBtn_EmptyCART -->
  <testcase classname="CartManagement" name="CartPage_NavigateProduct" time="3.585"/>
  <testcase classname="CartManagement" name="CartPage_Remove" time="4.843"/>
  <testcase classname="CartManagement" name="CartPage_ContinueShoppingBtn" time="1.733"/>
  <testcase classname="CartManagement" name="CartPage_CheckoutBtn" time="2.438"/>
</testsuite> <!-- SwagLabs -->
