<?xml version="1.0" encoding="UTF-8"?>
<!-- Generated by org.testng.reporters.JUnitReportReporter -->
<testsuite hostname="norhan" failures="1" tests="12" name="CartManagement" time="202.354" errors="0" timestamp="2025-11-29T16:45:30 EET" skipped="0">
  <testcase classname="CartManagement" name="Products_AddToCart" time="15.837"/>
  <testcase classname="CartManagement" name="Products_Remove" time="16.701"/>
  <testcase classname="CartManagement" name="ProductsDetails_AddToCart" time="17.468"/>
  <testcase classname="CartManagement" name="ProductsDetails_Remove" time="18.573"/>
  <testcase classname="CartManagement" name="ProductsDetails_AddCartBtnState" time="15.579"/>
  <testcase classname="CartManagement" name="ProductsDetails_RemoveCartBtnState" time="18.995"/>
  <testcase classname="CartManagement" name="CartIconCounter_updates" time="20.391"/>
  <testcase classname="CartManagement" name="CheckoutBtn_EmptyCART" time="12.478">
    <failure message="Checkout btn should be disabled expected [https://www.saucedemo.com/cart.html] but found [https://www.saucedemo.com/checkout-step-one.html]" type="java.lang.AssertionError">
      <![CDATA[java.lang.AssertionError: Checkout btn should be disabled expected [https://www.saucedemo.com/cart.html] but found [https://www.saucedemo.com/checkout-step-one.html]
at org.testng.Assert.fail(Assert.java:111)
at org.testng.Assert.failNotEquals(Assert.java:1578)
at org.testng.Assert.assertEqualsImpl(Assert.java:150)
at org.testng.Assert.assertEquals(Assert.java:132)
at org.testng.Assert.assertEquals(Assert.java:656)
at CartManagement.CheckoutBtn_EmptyCART(CartManagement.java:228)
at java.base/jdk.internal.reflect.DirectMethodHandleAccessor.invoke(DirectMethodHandleAccessor.java:103)
at java.base/java.lang.reflect.Method.invoke(Method.java:580)
at org.testng.internal.invokers.MethodInvocationHelper.invokeMethod(MethodInvocationHelper.java:141)
at org.testng.internal.invokers.TestInvoker.invokeMethod(TestInvoker.java:686)
at org.testng.internal.invokers.TestInvoker.invokeTestMethod(TestInvoker.java:230)
at org.testng.internal.invokers.MethodRunner.runInSequence(MethodRunner.java:63)
at org.testng.internal.invokers.TestInvoker$MethodInvocationAgent.invoke(TestInvoker.java:992)
at org.testng.internal.invokers.TestInvoker.invokeTestMethods(TestInvoker.java:203)
at org.testng.internal.invokers.TestMethodWorker.invokeTestMethods(TestMethodWorker.java:154)
at org.testng.internal.invokers.TestMethodWorker.run(TestMethodWorker.java:134)
at java.base/java.util.ArrayList.forEach(ArrayList.java:1597)
at org.testng.TestRunner.privateRun(TestRunner.java:739)
at org.testng.TestRunner.run(TestRunner.java:614)
at org.testng.SuiteRunner.runTest(SuiteRunner.java:421)
at org.testng.SuiteRunner.runSequentially(SuiteRunner.java:413)
at org.testng.SuiteRunner.privateRun(SuiteRunner.java:373)
at org.testng.SuiteRunner.run(SuiteRunner.java:312)
at org.testng.SuiteRunnerWorker.runSuite(SuiteRunnerWorker.java:52)
at org.testng.SuiteRunnerWorker.run(SuiteRunnerWorker.java:95)
at org.testng.TestNG.runSuitesSequentially(TestNG.java:1274)
at org.testng.TestNG.runSuitesLocally(TestNG.java:1208)
at org.testng.TestNG.runSuites(TestNG.java:1112)
at org.testng.TestNG.run(TestNG.java:1079)
at com.intellij.rt.testng.IDEARemoteTestNG.run(IDEARemoteTestNG.java:65)
at com.intellij.rt.testng.RemoteTestNGStarter.main(RemoteTestNGStarter.java:105)
]]>
    </failure>
  </testcase> <!-- CheckoutBtn_EmptyCART -->
  <testcase classname="CartManagement" name="CartPage_NavigateProduct" time="17.064"/>
  <testcase classname="CartManagement" name="CartPage_Remove" time="18.373"/>
  <testcase classname="CartManagement" name="CartPage_ContinueShoppingBtn" time="15.380"/>
  <testcase classname="CartManagement" name="CartPage_CheckoutBtn" time="15.515"/>
</testsuite> <!-- CartManagement -->
